Copyright 1986-2022 Xilinx, Inc. All Rights Reserved. Copyright 2022-2025 Advanced Micro Devices, Inc. All Rights Reserved.
---------------------------------------------------------------------------------------------------------------------------------------------------------------------
| Tool Version      : Vivado v.2025.2 (lin64) Build 6299465 Fri Nov 14 12:34:56 MST 2025
| Date              : Thu Jul  2 13:56:47 2026
| Host              : pop-os running 64-bit Pop!_OS 24.04 LTS
| Command           : report_timing_summary -file /home/ahmedelsheikh/Documents/AESH/EcoSat-Sustainable-FPGA-CubeSat/rtl/synthesis_reports/zcu106/timing_summary.rpt
| Design            : fpga_accelerator_top
| Device            : xczu7ev-ffvc1156
| Speed File        : -2  PRODUCTION 1.30 05-15-2022
| Design State      : Routed
| Temperature Grade : E
---------------------------------------------------------------------------------------------------------------------------------------------------------------------

Timing Summary Report

------------------------------------------------------------------------------------------------
| Timer Settings
| --------------
------------------------------------------------------------------------------------------------

  Enable Multi Corner Analysis               :  Yes
  Enable Pessimism Removal                   :  Yes
  Pessimism Removal Resolution               :  Nearest Common Node
  Enable Input Delay Default Clock           :  No
  Enable Preset / Clear Arcs                 :  No
  Disable Flight Delays                      :  No
  Ignore I/O Paths                           :  No
  Timing Early Launch at Borrowing Latches   :  No
  Borrow Time for Max Delay Exceptions       :  Yes
  Merge Timing Exceptions                    :  Yes
  Inter-SLR Compensation                     :  Conservative

  Corner  Analyze    Analyze    
  Name    Max Paths  Min Paths  
  ------  ---------  ---------  
  Slow    Yes        Yes        
  Fast    Yes        Yes        


------------------------------------------------------------------------------------------------
| Report Methodology
| ------------------
------------------------------------------------------------------------------------------------

No report available as report_methodology has not been run prior. Run report_methodology on the current design for the summary of methodology violations.



check_timing report

Table of Contents
-----------------
1. checking no_clock (0)
2. checking constant_clock (0)
3. checking pulse_width_clock (0)
4. checking unconstrained_internal_endpoints (0)
5. checking no_input_delay (29)
6. checking no_output_delay (45)
7. checking multiple_clock (0)
8. checking generated_clocks (0)
9. checking loops (0)
10. checking partial_input_delay (0)
11. checking partial_output_delay (0)
12. checking latch_loops (0)

1. checking no_clock (0)
------------------------
 There are 0 register/latch pins with no clock.


2. checking constant_clock (0)
------------------------------
 There are 0 register/latch pins with constant_clock.


3. checking pulse_width_clock (0)
---------------------------------
 There are 0 register/latch pins which need pulse_width check


4. checking unconstrained_internal_endpoints (0)
------------------------------------------------
 There are 0 pins that are not constrained for maximum delay.

 There are 0 pins that are not constrained for maximum delay due to constant clock.


5. checking no_input_delay (29)
-------------------------------
 There are 29 input ports with no input delay specified. (HIGH)

 There are 0 input ports with no input delay but user has a false path constraint.


6. checking no_output_delay (45)
--------------------------------
 There are 45 ports with no output delay specified. (HIGH)

 There are 0 ports with no output delay but user has a false path constraint

 There are 0 ports with no output delay but with a timing clock defined on it or propagating through it


7. checking multiple_clock (0)
------------------------------
 There are 0 register/latch pins with multiple clocks.


8. checking generated_clocks (0)
--------------------------------
 There are 0 generated clocks that are not connected to a clock source.


9. checking loops (0)
---------------------
 There are 0 combinational loops in the design.


10. checking partial_input_delay (0)
------------------------------------
 There are 0 input ports with partial input delay specified.


11. checking partial_output_delay (0)
-------------------------------------
 There are 0 ports with partial output delay specified.


12. checking latch_loops (0)
----------------------------
 There are 0 combinational latch loops in the design through latch input



------------------------------------------------------------------------------------------------
| Design Timing Summary
| ---------------------
------------------------------------------------------------------------------------------------

    WNS(ns)      TNS(ns)  TNS Failing Endpoints  TNS Total Endpoints      WHS(ns)      THS(ns)  THS Failing Endpoints  THS Total Endpoints     WPWS(ns)     TPWS(ns)  TPWS Failing Endpoints  TPWS Total Endpoints  
    -------      -------  ---------------------  -------------------      -------      -------  ---------------------  -------------------     --------     --------  ----------------------  --------------------  
      8.252        0.000                      0                  118        0.050        0.000                      0                  118        4.725        0.000                       0                    90  


All user specified timing constraints are met.


------------------------------------------------------------------------------------------------
| Clock Summary
| -------------
------------------------------------------------------------------------------------------------

Clock  Waveform(ns)       Period(ns)      Frequency(MHz)
-----  ------------       ----------      --------------
clk    {0.000 5.000}      10.000          100.000         


------------------------------------------------------------------------------------------------
| Intra Clock Table
| -----------------
------------------------------------------------------------------------------------------------

Clock             WNS(ns)      TNS(ns)  TNS Failing Endpoints  TNS Total Endpoints      WHS(ns)      THS(ns)  THS Failing Endpoints  THS Total Endpoints     WPWS(ns)     TPWS(ns)  TPWS Failing Endpoints  TPWS Total Endpoints  
-----             -------      -------  ---------------------  -------------------      -------      -------  ---------------------  -------------------     --------     --------  ----------------------  --------------------  
clk                 8.252        0.000                      0                  118        0.050        0.000                      0                  118        4.725        0.000                       0                    90  


------------------------------------------------------------------------------------------------
| Inter Clock Table
| -----------------
------------------------------------------------------------------------------------------------

From Clock    To Clock          WNS(ns)      TNS(ns)  TNS Failing Endpoints  TNS Total Endpoints      WHS(ns)      THS(ns)  THS Failing Endpoints  THS Total Endpoints  
----------    --------          -------      -------  ---------------------  -------------------      -------      -------  ---------------------  -------------------  


------------------------------------------------------------------------------------------------
| Other Path Groups Table
| -----------------------
------------------------------------------------------------------------------------------------

Path Group    From Clock    To Clock          WNS(ns)      TNS(ns)  TNS Failing Endpoints  TNS Total Endpoints      WHS(ns)      THS(ns)  THS Failing Endpoints  THS Total Endpoints  
----------    ----------    --------          -------      -------  ---------------------  -------------------      -------      -------  ---------------------  -------------------  


------------------------------------------------------------------------------------------------
| Timing Details
| --------------
------------------------------------------------------------------------------------------------


---------------------------------------------------------------------------------------------------
From Clock:  clk
  To Clock:  clk

Setup :            0  Failing Endpoints,  Worst Slack        8.252ns,  Total Violation        0.000ns
Hold  :            0  Failing Endpoints,  Worst Slack        0.050ns,  Total Violation        0.000ns
PW    :            0  Failing Endpoints,  Worst Slack        4.725ns,  Total Violation        0.000ns
---------------------------------------------------------------------------------------------------


Max Delay Paths
--------------------------------------------------------------------------------------
Slack (MET) :             8.252ns  (required time - arrival time)
  Source:                 fir_i/x0_reg[0]/C
                            (rising edge-triggered cell FDRE clocked by clk  {rise@0.000ns fall@5.000ns period=10.000ns})
  Destination:            fir_i/sample_out_reg[9]/D
                            (rising edge-triggered cell FDRE clocked by clk  {rise@0.000ns fall@5.000ns period=10.000ns})
  Path Group:             clk
  Path Type:              Setup (Max at Slow Process Corner)
  Requirement:            10.000ns  (clk rise@10.000ns - clk rise@0.000ns)
  Data Path Delay:        1.728ns  (logic 0.744ns (43.063%)  route 0.984ns (56.937%))
  Logic Levels:           6  (CARRY8=2 LUT3=1 LUT5=1 LUT6=2)
  Clock Path Skew:        -0.010ns (DCD - SCD + CPR)
    Destination Clock Delay (DCD):    0.020ns = ( 10.020 - 10.000 ) 
    Source Clock Delay      (SCD):    0.030ns
    Clock Pessimism Removal (CPR):    0.000ns
  Clock Uncertainty:      0.035ns  ((TSJ^2 + TIJ^2)^1/2 + DJ) / 2 + PE
    Total System Jitter     (TSJ):    0.071ns
    Total Input Jitter      (TIJ):    0.000ns
    Discrete Jitter          (DJ):    0.000ns
    Phase Error              (PE):    0.000ns

    Location             Delay type                Incr(ns)  Path(ns)    Netlist Resource(s)
  -------------------------------------------------------------------    -------------------
                         (clock clk rise edge)        0.000     0.000 r  
                                                      0.000     0.000 r  clk (IN)
                         net (fo=89, unset)           0.030     0.030    fir_i/clk
    SLICE_X35Y242        FDRE                                         r  fir_i/x0_reg[0]/C
  -------------------------------------------------------------------    -------------------
    SLICE_X35Y242        FDRE (Prop_FFF2_SLICEM_C_Q)
                                                      0.079     0.109 r  fir_i/x0_reg[0]/Q
                         net (fo=8, routed)           0.182     0.291    fir_i/x0_reg_n_0_[0]
    SLICE_X35Y242        LUT6 (Prop_H6LUT_SLICEM_I3_O)
                                                      0.152     0.443 r  fir_i/i___1_carry_i_17/O
                         net (fo=4, routed)           0.224     0.668    fir_i/i___1_carry_i_17_n_0
    SLICE_X35Y242        LUT5 (Prop_D5LUT_SLICEM_I0_O)
                                                      0.066     0.734 r  fir_i/i___1_carry_i_16/O
                         net (fo=2, routed)           0.204     0.938    fir_i/PCIN__0[5]
    SLICE_X36Y242        LUT3 (Prop_F5LUT_SLICEL_I1_O)
                                                      0.167     1.105 r  fir_i/i___1_carry_i_2/O
                         net (fo=2, routed)           0.314     1.419    fir_i/i___1_carry_i_2_n_0
    SLICE_X36Y242        LUT6 (Prop_G6LUT_SLICEL_I0_O)
                                                      0.089     1.508 r  fir_i/i___1_carry_i_8/O
                         net (fo=1, routed)           0.008     1.516    fir_i/i___1_carry_i_8_n_0
    SLICE_X36Y242        CARRY8 (Prop_CARRY8_SLICEL_S[6]_CO[7])
                                                      0.115     1.631 r  fir_i/sample_out0_inferred__0/i___1_carry/CO[7]
                         net (fo=1, routed)           0.026     1.657    fir_i/sample_out0_inferred__0/i___1_carry_n_0
    SLICE_X36Y243        CARRY8 (Prop_CARRY8_SLICEL_CI_O[1])
                                                      0.076     1.733 r  fir_i/sample_out0_inferred__0/i___1_carry__0/O[1]
                         net (fo=1, routed)           0.025     1.758    fir_i/sample_out0[9]
    SLICE_X36Y243        FDRE                                         r  fir_i/sample_out_reg[9]/D
  -------------------------------------------------------------------    -------------------

                         (clock clk rise edge)       10.000    10.000 r  
                                                      0.000    10.000 r  clk (IN)
                         net (fo=89, unset)           0.020    10.020    fir_i/clk
    SLICE_X36Y243        FDRE                                         r  fir_i/sample_out_reg[9]/C
                         clock pessimism              0.000    10.020    
                         clock uncertainty           -0.035     9.985    
    SLICE_X36Y243        FDRE (Setup_BFF_SLICEL_C_D)
                                                      0.025    10.010    fir_i/sample_out_reg[9]
  -------------------------------------------------------------------
                         required time                         10.010    
                         arrival time                          -1.758    
  -------------------------------------------------------------------
                         slack                                  8.252    





Min Delay Paths
--------------------------------------------------------------------------------------
Slack (MET) :             0.050ns  (arrival time - required time)
  Source:                 rle_i/count_reg[5]/C
                            (rising edge-triggered cell FDRE clocked by clk  {rise@0.000ns fall@5.000ns period=10.000ns})
  Destination:            rle_i/count_reg[5]/D
                            (rising edge-triggered cell FDRE clocked by clk  {rise@0.000ns fall@5.000ns period=10.000ns})
  Path Group:             clk
  Path Type:              Hold (Min at Fast Process Corner)
  Requirement:            0.000ns  (clk rise@0.000ns - clk rise@0.000ns)
  Data Path Delay:        0.102ns  (logic 0.052ns (51.139%)  route 0.050ns (48.861%))
  Logic Levels:           1  (LUT6=1)
  Clock Path Skew:        0.006ns (DCD - SCD - CPR)
    Destination Clock Delay (DCD):    0.019ns
    Source Clock Delay      (SCD):    0.013ns
    Clock Pessimism Removal (CPR):    -0.000ns

    Location             Delay type                Incr(ns)  Path(ns)    Netlist Resource(s)
  -------------------------------------------------------------------    -------------------
                         (clock clk rise edge)        0.000     0.000 r  
                                                      0.000     0.000 r  clk (IN)
                         net (fo=89, unset)           0.013     0.013    rle_i/clk
    SLICE_X53Y237        FDRE                                         r  rle_i/count_reg[5]/C
  -------------------------------------------------------------------    -------------------
    SLICE_X53Y237        FDRE (Prop_BFF_SLICEM_C_Q)
                                                      0.038     0.051 r  rle_i/count_reg[5]/Q
                         net (fo=3, routed)           0.029     0.080    rle_i/count_reg_n_0_[5]
    SLICE_X53Y237        LUT6 (Prop_B6LUT_SLICEM_I5_O)
                                                      0.014     0.094 r  rle_i/count[5]_i_1/O
                         net (fo=1, routed)           0.021     0.115    rle_i/p_1_in[5]
    SLICE_X53Y237        FDRE                                         r  rle_i/count_reg[5]/D
  -------------------------------------------------------------------    -------------------

                         (clock clk rise edge)        0.000     0.000 r  
                                                      0.000     0.000 r  clk (IN)
                         net (fo=89, unset)           0.019     0.019    rle_i/clk
    SLICE_X53Y237        FDRE                                         r  rle_i/count_reg[5]/C
                         clock pessimism              0.000     0.019    
    SLICE_X53Y237        FDRE (Hold_BFF_SLICEM_C_D)
                                                      0.046     0.065    rle_i/count_reg[5]
  -------------------------------------------------------------------
                         required time                         -0.065    
                         arrival time                           0.115    
  -------------------------------------------------------------------
                         slack                                  0.050    





Pulse Width Checks
--------------------------------------------------------------------------------------
Clock Name:         clk
Waveform(ns):       { 0.000 5.000 }
Period(ns):         10.000
Sources:            { clk }

Check Type        Corner  Lib Pin  Reference Pin  Required(ns)  Actual(ns)  Slack(ns)  Location       Pin
Min Period        n/a     FDRE/C   n/a            0.550         10.000      9.450      SLICE_X52Y235  can_i/payload_out_reg[0]/C
Low Pulse Width   Slow    FDRE/C   n/a            0.275         5.000       4.725      SLICE_X52Y235  can_i/payload_out_reg[0]/C
High Pulse Width  Slow    FDRE/C   n/a            0.275         5.000       4.725      SLICE_X52Y235  can_i/payload_out_reg[0]/C



